<?xml version="1.0" encoding="UTF-8"?>
<!-- Generated by org.testng.reporters.JUnitReportReporter -->
<testsuite hostname="DESKTOP-4IM3C73" failures="0" tests="1" name="com.teachment.testscripts.LoginTest" time="12.034" errors="0" timestamp="2024-04-23T23:59:24 IST" skipped="0">
  <testcase classname="com.teachment.testscripts.LoginTest" name="TC_Login_001" time="12.034"/>
</testsuite> <!-- com.teachment.testscripts.LoginTest -->
